<?xml version="1.0" encoding="UTF-8"?>
<testsuite name="SumOfDigitsTest" tests="6" skipped="0" failures="0" errors="0" timestamp="2021-06-25T03:23:54" hostname="rappac-a01.vmware.com" time="0.022">
  <properties/>
  <testcase name="SumEvenDigitsReturns4()" classname="SumOfDigitsTest" time="0.017"/>
  <testcase name="SumOfDigitsIn9()" classname="SumOfDigitsTest" time="0.0"/>
  <testcase name="SumOfDigitsIn125()" classname="SumOfDigitsTest" time="0.0"/>
  <testcase name="SumEvenDigitsReturns20()" classname="SumOfDigitsTest" time="0.0"/>
  <testcase name="SumEvenDigitsReturnsNegativeOneForAnythingLessThanZero()" classname="SumOfDigitsTest" time="0.001"/>
  <testcase name="InvalidNumberShouldReturnNegativeOne()" classname="SumOfDigitsTest" time="0.001"/>
  <system-out><![CDATA[]]></system-out>
  <system-err><![CDATA[]]></system-err>
</testsuite>
